DRAM Price Updater — 6/2/2026
  Fetching history.json from GitHub...
  Scraping DRAMeXchange...
  Loading DRAMeXchange...
  Navigation error: 'int' object is not callable
  Screenshot saved.
Traceback (most recent call last):
  File "/home/runner/work/dram-prices/dram-prices/scrape.py", line 242, in <module>
    asyncio.run(main())
  File "/opt/hostedtoolcache/Python/3.11.15/x64/lib/python3.11/asyncio/runners.py", line 190, in run
    return runner.run(main)
           ^^^^^^^^^^^^^^^^
  File "/opt/hostedtoolcache/Python/3.11.15/x64/lib/python3.11/asyncio/runners.py", line 118, in run
    return self._loop.run_until_complete(task)
           ^^^^^^^^^^^^^^^^^^^^^^^^^^^^^^^^^^^
  File "/opt/hostedtoolcache/Python/3.11.15/x64/lib/python3.11/asyncio/base_events.py", line 654, in run_until_complete
    return future.result()
           ^^^^^^^^^^^^^^^
  File "/home/runner/work/dram-prices/dram-prices/scrape.py", line 203, in main
    ddr5, tlc_scraped = await scrape_dramexchange()
                        ^^^^^^^^^^^^^^^^^^^^^^^^^^^
  File "/home/runner/work/dram-prices/dram-prices/scrape.py", line 129, in scrape_dramexchange
    raise RuntimeError("Navigation failed — see scrape-debug.png")
RuntimeError: Navigation failed — see scrape-debug.png
